Arguments: 
  E:\NodeJs\NodeJs\node.exe E:\NodeJs\Yarn\bin\yarn.js

PATH: 
  C:\Users\Администратор\Desktop\ConEmu;C:\Users\Администратор\Desktop\ConEmu\ConEmu;C:\ProgramData\Oracle\Java\javapath;C:\Windows\system32;C:\Windows;C:\Windows\System32\Wbem;C:\Windows\System32\WindowsPowerShell\v1.0\;C:\Users\Администратор\.dnx\bin;C:\Program Files\Microsoft DNX\Dnvm\;C:\Program Files (x86)\NVIDIA Corporation\PhysX\Common;C:\Program Files\MySQL\MySQL Utilities 1.6\;E:\PhpStorm\Php 7;C:\ProgramData\ComposerSetup\bin;C:\Program Files (x86)\Windows Kits\8.1\Windows Performance Toolkit\;C:\Program Files (x86)\Skype\Phone\;E:\NodeJs\NodeJs\;E:\Soft\Brackets\Release 1.11\command;E:\NodeJs\Yarn\bin;C:\Users\Администратор\AppData\Roaming\Composer\vendor\bin;E:\Education\Microsoft VS Code\bin;C:\Users\Администратор\AppData\Roaming\npm;C:\Users\Администратор\AppData\Local\atom\bin;C:\Users\Администратор\AppData\Local\Yarn\bin

Yarn version: 
  1.2.1

Node version: 
  6.10.1

Platform: 
  win32 x64

npm manifest: 
  {
    "dependencies": {
      "node-static": "^0.7.10",
      "express": "*",
    }
  }

yarn manifest: 
  No manifest

Lockfile: 
  # THIS IS AN AUTOGENERATED FILE. DO NOT EDIT THIS FILE DIRECTLY.
  # yarn lockfile v1
  
  
  colors@>=0.6.0:
    version "1.1.2"
    resolved "https://registry.yarnpkg.com/colors/-/colors-1.1.2.tgz#168a4701756b6a7f51a12ce0c97bfa28c084ed63"
  
  mime@^1.2.9:
    version "1.4.1"
    resolved "https://registry.yarnpkg.com/mime/-/mime-1.4.1.tgz#121f9ebc49e3766f311a76e1fa1c8003c4b03aa6"
  
  minimist@~0.0.1:
    version "0.0.10"
    resolved "https://registry.yarnpkg.com/minimist/-/minimist-0.0.10.tgz#de3f98543dbf96082be48ad1a0c7cda836301dcf"
  
  node-static@^0.7.10:
    version "0.7.10"
    resolved "https://registry.yarnpkg.com/node-static/-/node-static-0.7.10.tgz#a1ddb72027c7f67179fb33487807b57e8bc7d2e7"
    dependencies:
      colors ">=0.6.0"
      mime "^1.2.9"
      optimist ">=0.3.4"
  
  optimist@>=0.3.4:
    version "0.6.1"
    resolved "https://registry.yarnpkg.com/optimist/-/optimist-0.6.1.tgz#da3ea74686fa21a19a111c326e90eb15a0196686"
    dependencies:
      minimist "~0.0.1"
      wordwrap "~0.0.2"
  
  wordwrap@~0.0.2:
    version "0.0.3"
    resolved "https://registry.yarnpkg.com/wordwrap/-/wordwrap-0.0.3.tgz#a3d5da6cd5c0bc0008d37234bbaf1bed63059107"

Trace: 
  SyntaxError: C:\Users\Администратор\Desktop\HaulmontTask\HaulmontTask\package.json: Unexpected token } in JSON at position 74
      at Object.parse (native)
      at E:\NodeJs\Yarn\lib\cli.js:770:59
      at next (native)
      at step (E:\NodeJs\Yarn\lib\cli.js:92:30)
      at E:\NodeJs\Yarn\lib\cli.js:103:13
